DEPRECATION WARNING: RAILS_ENV is deprecated. Please use ::Rails.env. (called from != at /users/dani/Development/rails_project/toto-bongo-blog/config.ru:28)
DEPRECATION WARNING: RAILS_ENV is deprecated. Please use ::Rails.env. (called from != at /users/dani/Development/rails_project/toto-bongo-blog/config.ru:28)


Started GET "/" for 127.0.0.1 at 2011-05-09 12:46:24 -0500

LoadError (no such file to load -- sqlite3):
  

Rendered /Users/dani/.rvm/gems/ruby-1.9.2-p0/gems/actionpack-3.0.3/lib/action_dispatch/middleware/templates/rescues/_trace.erb (1.2ms)
Rendered /Users/dani/.rvm/gems/ruby-1.9.2-p0/gems/actionpack-3.0.3/lib/action_dispatch/middleware/templates/rescues/_request_and_response.erb (23.4ms)
Rendered /Users/dani/.rvm/gems/ruby-1.9.2-p0/gems/actionpack-3.0.3/lib/action_dispatch/middleware/templates/rescues/diagnostics.erb within rescues/layout (29.4ms)
DEPRECATION WARNING: RAILS_ENV is deprecated. Please use ::Rails.env. (called from != at /users/dani/Development/rails_project/toto-bongo-blog/config.ru:28)
DEPRECATION WARNING: RAILS_ENV is deprecated. Please use ::Rails.env. (called from != at /users/dani/Development/rails_project/toto-bongo-blog/config.ru:28)
DEPRECATION WARNING: RAILS_ENV is deprecated. Please use ::Rails.env. (called from != at /users/dani/Development/rails_project/toto-bongo-blog/config.ru:28)
DEPRECATION WARNING: RAILS_ENV is deprecated. Please use ::Rails.env. (called from != at /users/dani/Development/rails_project/toto-bongo-blog/config.ru:28)


Started GET "/" for 127.0.0.1 at 2011-05-09 13:21:27 -0500

LoadError (no such file to load -- sqlite3):
  

Rendered /Users/dani/.rvm/gems/ruby-1.9.2-p0/gems/actionpack-3.0.3/lib/action_dispatch/middleware/templates/rescues/_trace.erb (1.2ms)
Rendered /Users/dani/.rvm/gems/ruby-1.9.2-p0/gems/actionpack-3.0.3/lib/action_dispatch/middleware/templates/rescues/_request_and_response.erb (6.0ms)
Rendered /Users/dani/.rvm/gems/ruby-1.9.2-p0/gems/actionpack-3.0.3/lib/action_dispatch/middleware/templates/rescues/diagnostics.erb within rescues/layout (11.9ms)
DEPRECATION WARNING: RAILS_ENV is deprecated. Please use ::Rails.env. (called from != at /users/dani/Development/rails_project/toto-bongo-blog/config.ru:28)
DEPRECATION WARNING: RAILS_ENV is deprecated. Please use ::Rails.env. (called from != at /users/dani/Development/rails_project/toto-bongo-blog/config.ru:28)
DEPRECATION WARNING: RAILS_ENV is deprecated. Please use ::Rails.env. (called from != at /users/dani/Development/rails_project/toto-bongo-blog/config.ru:28)
DEPRECATION WARNING: RAILS_ENV is deprecated. Please use ::Rails.env. (called from != at /users/dani/Development/rails_project/toto-bongo-blog/config.ru:28)
DEPRECATION WARNING: RAILS_ENV is deprecated. Please use ::Rails.env. (called from != at /users/dani/Development/rails_project/toto-bongo-blog/config.ru:28)


Started GET "/" for 127.0.0.1 at 2011-05-09 13:49:43 -0500

LoadError (no such file to load -- sqlite3):
  

Rendered /Users/dani/.rvm/gems/ruby-1.9.2-p0/gems/actionpack-3.0.3/lib/action_dispatch/middleware/templates/rescues/_trace.erb (1.2ms)
Rendered /Users/dani/.rvm/gems/ruby-1.9.2-p0/gems/actionpack-3.0.3/lib/action_dispatch/middleware/templates/rescues/_request_and_response.erb (6.4ms)
Rendered /Users/dani/.rvm/gems/ruby-1.9.2-p0/gems/actionpack-3.0.3/lib/action_dispatch/middleware/templates/rescues/diagnostics.erb within rescues/layout (12.7ms)
DEPRECATION WARNING: RAILS_ENV is deprecated. Please use ::Rails.env. (called from != at /users/dani/Development/rails_project/toto-bongo-blog/config.ru:28)
DEPRECATION WARNING: RAILS_ENV is deprecated. Please use ::Rails.env. (called from != at /users/dani/Development/rails_project/toto-bongo-blog/config.ru:28)
DEPRECATION WARNING: RAILS_ENV is deprecated. Please use ::Rails.env. (called from != at /users/dani/Development/rails_project/toto-bongo-blog/config.ru:28)
DEPRECATION WARNING: RAILS_ENV is deprecated. Please use ::Rails.env. (called from != at /users/dani/Development/rails_project/toto-bongo-blog/config.ru:28)
DEPRECATION WARNING: RAILS_ENV is deprecated. Please use ::Rails.env. (called from != at /users/dani/Development/rails_project/toto-bongo-blog/config.ru:28)
DEPRECATION WARNING: RAILS_ENV is deprecated. Please use ::Rails.env. (called from != at /users/dani/Development/rails_project/toto-bongo-blog/config.ru:28)
DEPRECATION WARNING: RAILS_ENV is deprecated. Please use ::Rails.env. (called from != at /users/dani/Development/rails_project/toto-bongo-blog/config.ru:28)
DEPRECATION WARNING: RAILS_ENV is deprecated. Please use ::Rails.env. (called from != at /users/dani/Development/rails_project/toto-bongo-blog/config.ru:28)
DEPRECATION WARNING: RAILS_ENV is deprecated. Please use ::Rails.env. (called from != at /users/dani/Development/rails_project/toto-bongo-blog/config.ru:28)
DEPRECATION WARNING: RAILS_ENV is deprecated. Please use ::Rails.env. (called from != at /users/dani/Development/rails_project/toto-bongo-blog/config.ru:28)
DEPRECATION WARNING: RAILS_ENV is deprecated. Please use ::Rails.env. (called from != at /users/dani/Development/rails_project/toto-bongo-blog/config.ru:28)
DEPRECATION WARNING: RAILS_ENV is deprecated. Please use ::Rails.env. (called from != at /users/dani/Development/rails_project/toto-bongo-blog/config.ru:28)
DEPRECATION WARNING: RAILS_ENV is deprecated. Please use ::Rails.env. (called from != at /users/dani/Development/rails_project/toto-bongo-blog/config.ru:28)
DEPRECATION WARNING: RAILS_ENV is deprecated. Please use ::Rails.env. (called from != at /users/dani/Development/rails_project/toto-bongo-blog/config.ru:28)
DEPRECATION WARNING: RAILS_ENV is deprecated. Please use ::Rails.env. (called from != at /users/dani/Development/rails_project/toto-bongo-blog/config.ru:28)
DEPRECATION WARNING: RAILS_ENV is deprecated. Please use ::Rails.env. (called from != at /users/dani/Development/rails_project/toto-bongo-blog/config.ru:28)
DEPRECATION WARNING: RAILS_ENV is deprecated. Please use ::Rails.env. (called from != at /users/dani/Development/rails_project/toto-bongo-blog/config.ru:28)
DEPRECATION WARNING: RAILS_ENV is deprecated. Please use ::Rails.env. (called from != at /users/dani/Development/rails_project/toto-bongo-blog/config.ru:28)
DEPRECATION WARNING: RAILS_ENV is deprecated. Please use ::Rails.env. (called from != at /users/dani/Development/rails_project/toto-bongo-blog/config.ru:28)
DEPRECATION WARNING: RAILS_ENV is deprecated. Please use ::Rails.env. (called from != at /users/dani/Development/rails_project/toto-bongo-blog/config.ru:28)
DEPRECATION WARNING: RAILS_ENV is deprecated. Please use ::Rails.env. (called from != at /users/dani/Development/rails_project/toto-bongo-blog/config.ru:28)
DEPRECATION WARNING: RAILS_ENV is deprecated. Please use ::Rails.env. (called from != at /users/dani/Development/rails_project/toto-bongo-blog/config.ru:28)
DEPRECATION WARNING: RAILS_ENV is deprecated. Please use ::Rails.env. (called from != at /users/dani/Development/rails_project/toto-bongo-blog/config.ru:28)
DEPRECATION WARNING: RAILS_ENV is deprecated. Please use ::Rails.env. (called from != at /users/dani/Development/rails_project/toto-bongo-blog/config.ru:28)
DEPRECATION WARNING: RAILS_ENV is deprecated. Please use ::Rails.env. (called from != at /users/dani/Development/rails_project/toto-bongo-blog/config.ru:28)
DEPRECATION WARNING: RAILS_ENV is deprecated. Please use ::Rails.env. (called from != at /users/dani/Development/rails_project/toto-bongo-blog/config.ru:28)
DEPRECATION WARNING: RAILS_ENV is deprecated. Please use ::Rails.env. (called from != at /users/dani/Development/rails_project/toto-bongo-blog/config.ru:28)


Started GET "/" for 127.0.0.1 at 2011-05-09 17:37:16 -0500

LoadError (no such file to load -- sqlite3):
  

Rendered /Users/dani/.rvm/gems/ruby-1.9.2-p0/gems/actionpack-3.0.3/lib/action_dispatch/middleware/templates/rescues/_trace.erb (1.5ms)
Rendered /Users/dani/.rvm/gems/ruby-1.9.2-p0/gems/actionpack-3.0.3/lib/action_dispatch/middleware/templates/rescues/_request_and_response.erb (7.8ms)
Rendered /Users/dani/.rvm/gems/ruby-1.9.2-p0/gems/actionpack-3.0.3/lib/action_dispatch/middleware/templates/rescues/diagnostics.erb within rescues/layout (16.0ms)


Started GET "/" for 127.0.0.1 at 2011-05-09 17:37:23 -0500

LoadError (no such file to load -- sqlite3):
  

Rendered /Users/dani/.rvm/gems/ruby-1.9.2-p0/gems/actionpack-3.0.3/lib/action_dispatch/middleware/templates/rescues/_trace.erb (1.1ms)
Rendered /Users/dani/.rvm/gems/ruby-1.9.2-p0/gems/actionpack-3.0.3/lib/action_dispatch/middleware/templates/rescues/_request_and_response.erb (1.3ms)
Rendered /Users/dani/.rvm/gems/ruby-1.9.2-p0/gems/actionpack-3.0.3/lib/action_dispatch/middleware/templates/rescues/diagnostics.erb within rescues/layout (6.8ms)
DEPRECATION WARNING: RAILS_ENV is deprecated. Please use ::Rails.env. (called from != at /users/dani/Development/rails_project/toto-bongo-blog/config.ru:28)
DEPRECATION WARNING: RAILS_ENV is deprecated. Please use ::Rails.env. (called from != at /users/dani/Development/rails_project/toto-bongo-blog/config.ru:28)
DEPRECATION WARNING: RAILS_ENV is deprecated. Please use ::Rails.env. (called from != at /users/dani/Development/rails_project/toto-bongo-blog/config.ru:28)
DEPRECATION WARNING: RAILS_ENV is deprecated. Please use ::Rails.env. (called from != at /users/dani/Development/rails_project/toto-bongo-blog/config.ru:28)
DEPRECATION WARNING: RAILS_ENV is deprecated. Please use ::Rails.env. (called from != at /users/dani/Development/rails_project/toto-bongo-blog/config.ru:28)
DEPRECATION WARNING: RAILS_ENV is deprecated. Please use ::Rails.env. (called from != at /users/dani/Development/rails_project/toto-bongo-blog/config.ru:28)
